TN:
SF:src/modules/appointments/services/CreateAppointmentService.ts
FN:16,(anonymous_14)
FN:18,CreateAppointmentService
FN:22,(anonymous_16)
FNF:3
FNH:0
FNDA:0,(anonymous_14)
FNDA:0,CreateAppointmentService
FNDA:0,(anonymous_16)
DA:2,0
DA:7,0
DA:16,0
DA:18,0
DA:22,0
DA:24,0
DA:28,0
DA:31,0
DA:32,0
DA:37,0
DA:40,0
DA:44,0
LF:12
LH:0
BRDA:31,0,0,0
BRDA:31,0,1,0
BRF:2
BRH:0
end_of_record
TN:
SF:src/modules/users/services/AuthenticationService.ts
FN:23,(anonymous_14)
FN:24,AuthenticationService
FN:29,(anonymous_16)
FNF:3
FNH:0
FNDA:0,(anonymous_14)
FNDA:0,AuthenticationService
FNDA:0,(anonymous_16)
DA:3,0
DA:4,0
DA:6,0
DA:7,0
DA:23,0
DA:24,0
DA:25,0
DA:29,0
DA:31,0
DA:33,0
DA:34,0
DA:37,0
DA:39,0
DA:40,0
DA:43,0
DA:45,0
DA:47,0
DA:53,0
DA:61,0
LF:19
LH:0
BRDA:31,0,0,0
BRDA:33,1,0,0
BRDA:33,1,1,0
BRDA:39,2,0,0
BRDA:39,2,1,0
BRF:5
BRH:0
end_of_record
TN:
SF:src/modules/users/services/CreateUserService.ts
FN:13,(anonymous_14)
FN:14,CreateUserService
FN:17,(anonymous_16)
FNF:3
FNH:3
FNDA:1,(anonymous_14)
FNDA:2,CreateUserService
FNDA:1,(anonymous_16)
DA:4,1
DA:5,1
DA:13,1
DA:14,2
DA:17,1
DA:20,1
DA:22,1
DA:23,0
DA:25,1
DA:27,1
DA:29,1
DA:31,1
DA:34,1
LF:13
LH:12
BRDA:20,0,0,1
BRDA:22,1,0,0
BRDA:22,1,1,1
BRF:3
BRH:2
end_of_record
TN:
SF:src/modules/users/services/ResetPasswordService.ts
FN:12,(anonymous_14)
FN:13,ResetPasswordService
FN:17,(anonymous_16)
FNF:3
FNH:3
FNDA:1,(anonymous_14)
FNDA:4,ResetPasswordService
FNDA:4,(anonymous_16)
DA:3,1
DA:5,1
DA:12,1
DA:13,4
DA:17,4
DA:18,4
DA:20,4
DA:21,1
DA:24,3
DA:26,3
DA:27,1
DA:30,2
DA:31,2
DA:33,2
DA:34,1
DA:36,1
DA:38,1
DA:40,1
DA:44,1
LF:19
LH:19
BRDA:18,0,0,4
BRDA:20,1,0,1
BRDA:20,1,1,3
BRDA:26,2,0,1
BRDA:26,2,1,2
BRDA:33,3,0,1
BRDA:33,3,1,1
BRF:7
BRH:7
end_of_record
TN:
SF:src/modules/users/services/SendForgotEmailService.ts
FN:9,(anonymous_14)
FN:11,SendForgotEmailService
FN:14,(anonymous_16)
FNF:3
FNH:0
FNDA:0,(anonymous_14)
FNDA:0,SendForgotEmailService
FNDA:0,(anonymous_16)
DA:3,0
DA:9,0
DA:11,0
DA:14,0
DA:15,0
DA:18,0
DA:19,0
DA:23,0
DA:25,0
DA:27,0
LF:10
LH:0
BRDA:15,0,0,0
BRDA:18,1,0,0
BRDA:18,1,1,0
BRF:3
BRH:0
end_of_record
TN:
SF:src/modules/users/services/UpdateUserAvatar.ts
FN:16,(anonymous_14)
FN:17,UpdateUserAvatar
FN:20,(anonymous_16)
FNF:3
FNH:0
FNDA:0,(anonymous_14)
FNDA:0,UpdateUserAvatar
FNDA:0,(anonymous_16)
DA:5,0
DA:7,0
DA:16,0
DA:17,0
DA:18,0
DA:20,0
DA:23,0
DA:25,0
DA:26,0
DA:28,0
DA:29,0
DA:30,0
DA:34,0
DA:36,0
DA:38,0
DA:40,0
DA:42,0
DA:46,0
LF:18
LH:0
BRDA:23,0,0,0
BRDA:23,0,1,0
BRDA:25,1,0,0
BRDA:25,1,1,0
BRDA:29,2,0,0
BRDA:29,2,1,0
BRF:6
BRH:0
end_of_record
