TN:
SF:src/modules/appointments/services/CreateAppointmentServices.ts
FN:18,(anonymous_14)
FN:20,CreateAppointmentService
FN:23,(anonymous_16)
FNF:3
FNH:3
FNDA:1,(anonymous_14)
FNDA:2,CreateAppointmentService
FNDA:2,(anonymous_16)
DA:2,1
DA:7,1
DA:18,1
DA:20,2
DA:23,2
DA:25,2
DA:27,2
DA:30,2
DA:31,0
DA:34,2
DA:36,2
DA:38,2
DA:43,0
DA:47,1
LF:14
LH:12
BRDA:30,0,0,0
BRDA:30,0,1,2
BRF:2
BRH:1
end_of_record
TN:
SF:src/modules/appointments/services/ListAllUsersServices.ts
FN:9,(anonymous_14)
FN:10,ListAllUserServices
FN:13,(anonymous_16)
FNF:3
FNH:3
FNDA:1,(anonymous_14)
FNDA:1,ListAllUserServices
FNDA:1,(anonymous_16)
DA:3,1
DA:9,1
DA:10,1
DA:13,1
DA:14,1
DA:17,1
DA:18,0
DA:22,1
DA:24,1
LF:9
LH:8
BRDA:14,0,0,1
BRDA:17,1,0,0
BRDA:17,1,1,1
BRF:3
BRH:2
end_of_record
TN:
SF:src/modules/appointments/services/ListProviderDayAvailabilityService.ts
FN:16,(anonymous_13)
FN:17,ListProviderMonthAvailabilityService
FN:20,(anonymous_15)
FN:33,(anonymous_18)
FN:36,(anonymous_19)
FN:37,(anonymous_20)
FNF:6
FNH:6
FNDA:1,(anonymous_13)
FNDA:1,ListProviderMonthAvailabilityService
FNDA:1,(anonymous_15)
FNDA:10,(anonymous_18)
FNDA:10,(anonymous_19)
FNDA:49,(anonymous_20)
DA:2,1
DA:16,1
DA:17,1
DA:20,1
DA:21,1
DA:29,1
DA:31,1
DA:33,10
DA:36,1
DA:37,49
DA:39,10
DA:40,10
DA:44,10
DA:50,1
DA:52,1
LF:15
LH:15
BRDA:21,0,0,1
BRDA:46,1,0,10
BRDA:46,1,1,3
BRF:3
BRH:3
end_of_record
TN:
SF:src/modules/appointments/services/ListProviderMonthAvailabilityService.ts
FN:14,(anonymous_13)
FN:15,ListProviderMonthAvailabilityService
FN:18,(anonymous_15)
FN:30,(anonymous_18)
FN:34,(anonymous_19)
FN:35,(anonymous_20)
FNF:6
FNH:6
FNDA:1,(anonymous_13)
FNDA:1,ListProviderMonthAvailabilityService
FNDA:1,(anonymous_15)
FNDA:30,(anonymous_18)
FNDA:30,(anonymous_19)
FNDA:300,(anonymous_20)
DA:2,1
DA:14,1
DA:15,1
DA:18,1
DA:19,1
DA:25,1
DA:27,1
DA:30,30
DA:33,1
DA:35,300
DA:38,30
DA:45,1
DA:47,1
DA:49,1
LF:14
LH:14
BRDA:19,0,0,1
BRF:1
BRH:1
end_of_record
TN:
SF:src/modules/appointments/services/ListProvidersAppointmentsServices.ts
FN:14,(anonymous_13)
FN:15,ListProviderMonthAvailabilityService
FN:18,(anonymous_15)
FNF:3
FNH:3
FNDA:1,(anonymous_13)
FNDA:1,ListProviderMonthAvailabilityService
FNDA:1,(anonymous_15)
DA:14,1
DA:15,1
DA:18,1
DA:19,1
DA:26,1
DA:29,1
LF:6
LH:6
BRDA:19,0,0,1
BRF:1
BRH:1
end_of_record
TN:
SF:src/modules/users/services/AuthenticationService.ts
FN:23,(anonymous_14)
FN:24,AuthenticationService
FN:29,(anonymous_16)
FNF:3
FNH:3
FNDA:1,(anonymous_14)
FNDA:3,AuthenticationService
FNDA:3,(anonymous_16)
DA:3,1
DA:4,1
DA:6,1
DA:7,1
DA:23,1
DA:24,3
DA:25,3
DA:29,3
DA:31,3
DA:33,3
DA:34,1
DA:37,2
DA:39,2
DA:40,1
DA:43,1
DA:45,1
DA:47,1
DA:53,1
DA:61,1
LF:19
LH:19
BRDA:31,0,0,3
BRDA:33,1,0,1
BRDA:33,1,1,2
BRDA:39,2,0,1
BRDA:39,2,1,1
BRF:5
BRH:5
end_of_record
TN:
SF:src/modules/users/services/CreateUserService.ts
FN:13,(anonymous_14)
FN:14,CreateUserService
FN:17,(anonymous_16)
FNF:3
FNH:3
FNDA:3,(anonymous_14)
FNDA:5,CreateUserService
FNDA:5,(anonymous_16)
DA:4,3
DA:5,3
DA:13,3
DA:14,5
DA:17,5
DA:20,5
DA:22,5
DA:23,1
DA:25,4
DA:27,4
DA:29,4
DA:31,4
DA:34,3
LF:13
LH:13
BRDA:20,0,0,5
BRDA:22,1,0,1
BRDA:22,1,1,4
BRF:3
BRH:3
end_of_record
TN:
SF:src/modules/users/services/ResetPasswordService.ts
FN:12,(anonymous_14)
FN:13,ResetPasswordService
FN:17,(anonymous_16)
FNF:3
FNH:3
FNDA:1,(anonymous_14)
FNDA:4,ResetPasswordService
FNDA:4,(anonymous_16)
DA:3,1
DA:5,1
DA:12,1
DA:13,4
DA:17,4
DA:18,4
DA:20,4
DA:21,1
DA:24,3
DA:26,3
DA:27,1
DA:30,2
DA:31,2
DA:33,2
DA:34,1
DA:36,1
DA:38,1
DA:40,1
DA:44,1
LF:19
LH:19
BRDA:18,0,0,4
BRDA:20,1,0,1
BRDA:20,1,1,3
BRDA:26,2,0,1
BRDA:26,2,1,2
BRDA:33,3,0,1
BRDA:33,3,1,1
BRF:7
BRH:7
end_of_record
TN:
SF:src/modules/users/services/SendForgotPasswordEmailService.ts
FN:11,(anonymous_14)
FN:13,SendForgotEmailService
FN:16,(anonymous_16)
FNF:3
FNH:0
FNDA:0,(anonymous_14)
FNDA:0,SendForgotEmailService
FNDA:0,(anonymous_16)
DA:4,0
DA:11,0
DA:13,0
DA:16,0
DA:18,0
DA:21,0
DA:22,0
DA:26,0
DA:28,0
DA:30,0
DA:32,0
LF:11
LH:0
BRDA:18,0,0,0
BRDA:21,1,0,0
BRDA:21,1,1,0
BRF:3
BRH:0
end_of_record
TN:
SF:src/modules/users/services/ShowProfileService.ts
FN:8,(anonymous_14)
FN:9,ShowProfileService
FN:12,(anonymous_16)
FNF:3
FNH:3
FNDA:1,(anonymous_14)
FNDA:2,ShowProfileService
FNDA:2,(anonymous_16)
DA:3,1
DA:8,1
DA:9,2
DA:12,2
DA:13,2
DA:14,2
DA:15,2
DA:16,2
DA:17,1
DA:19,1
DA:20,1
DA:22,1
LF:12
LH:12
BRDA:13,0,0,2
BRDA:16,1,0,1
BRDA:16,1,1,1
BRF:3
BRH:3
end_of_record
TN:
SF:src/modules/users/services/UpdateUserAvatarService.ts
FN:16,(anonymous_14)
FN:17,UpdateUserAvatar
FN:20,(anonymous_16)
FNF:3
FNH:3
FNDA:1,(anonymous_14)
FNDA:3,UpdateUserAvatar
FNDA:4,(anonymous_16)
DA:5,1
DA:7,1
DA:16,1
DA:17,3
DA:18,3
DA:20,4
DA:23,4
DA:25,4
DA:26,1
DA:28,3
DA:29,5
DA:30,2
DA:34,3
DA:36,3
DA:38,6
DA:40,3
DA:42,3
DA:46,1
LF:18
LH:18
BRDA:23,0,0,4
BRDA:23,0,1,3
BRDA:25,1,0,1
BRDA:25,1,1,3
BRDA:29,2,0,2
BRDA:29,2,1,1
BRF:6
BRH:6
end_of_record
TN:
SF:src/modules/users/services/UpdateUserProfileService.ts
FN:17,(anonymous_14)
FN:18,UpdateUserProfileService
FN:22,(anonymous_16)
FNF:3
FNH:3
FNDA:1,(anonymous_14)
FNDA:6,UpdateUserProfileService
FNDA:6,(anonymous_16)
DA:4,1
DA:17,1
DA:18,6
DA:19,6
DA:22,6
DA:24,6
DA:26,6
DA:27,1
DA:30,5
DA:32,5
DA:33,1
DA:36,4
DA:37,1
DA:40,4
DA:41,2
DA:44,2
DA:45,1
DA:49,3
DA:50,1
DA:53,2
DA:54,2
DA:56,2
DA:57,4
DA:58,2
DA:59,2
DA:62,1
LF:26
LH:26
BRDA:24,0,0,6
BRDA:26,1,0,1
BRDA:26,1,1,5
BRDA:26,2,0,6
BRDA:26,2,1,4
BRDA:32,3,0,1
BRDA:32,3,1,4
BRDA:36,4,0,1
BRDA:36,4,1,3
BRDA:36,5,0,4
BRDA:36,5,1,3
BRDA:40,6,0,1
BRDA:40,6,1,2
BRDA:44,7,0,1
BRDA:44,7,1,1
BRDA:49,8,0,1
BRDA:49,8,1,1
BRF:17
BRH:17
end_of_record
